{"C:\\Users\\felix\\Documents\\Development\\NodeJS\\nodeplotlib\\dist\\index.js":{"path":"C:\\Users\\felix\\Documents\\Development\\NodeJS\\nodeplotlib\\dist\\index.js","s":{"1":1,"2":1,"3":1,"4":1,"5":1,"6":1,"7":1,"8":1,"9":1,"10":1,"11":1,"12":1,"13":1,"14":1,"15":3,"16":1,"17":1,"18":3,"19":2,"20":3,"21":3,"22":3,"23":3,"24":3,"25":2,"26":3,"27":1,"28":1,"29":3,"30":1,"31":1,"32":1,"33":4,"34":4,"35":4,"36":4,"37":4,"38":4,"39":1,"40":4,"41":4,"42":4,"43":4,"44":4,"45":4,"46":1,"47":1,"48":1,"49":1,"50":1,"51":2,"52":2,"53":2,"54":1,"55":3,"56":3,"57":6,"58":3,"59":3,"60":3,"61":3,"62":1,"63":4,"64":11,"65":7,"66":4,"67":11,"68":7,"69":4,"70":1,"71":1,"72":1,"73":1},"b":{"1":[2,1],"2":[2,1],"3":[1,2],"4":[3,1],"5":[4,4],"6":[2,0],"7":[3,3],"8":[6,6],"9":[7,6],"10":[7,4],"11":[1,3],"12":[4,4,3,2]},"f":{"1":1,"2":3,"3":3,"4":3,"5":3,"6":4},"fnMap":{"1":{"name":"clear","line":16,"loc":{"start":{"line":16,"column":0},"end":{"line":16,"column":17}}},"2":{"name":"stack","line":20,"loc":{"start":{"line":20,"column":0},"end":{"line":20,"column":21}}},"3":{"name":"plot","line":24,"loc":{"start":{"line":24,"column":0},"end":{"line":24,"column":24}}},"4":{"name":"spawn","line":44,"loc":{"start":{"line":44,"column":0},"end":{"line":44,"column":19}}},"5":{"name":"openPlots","line":78,"loc":{"start":{"line":78,"column":0},"end":{"line":78,"column":21}}},"6":{"name":"close","line":91,"loc":{"start":{"line":91,"column":0},"end":{"line":91,"column":17}}}},"statementMap":{"1":{"start":{"line":2,"column":0},"end":{"line":2,"column":62}},"2":{"start":{"line":3,"column":0},"end":{"line":3,"column":27}},"3":{"start":{"line":4,"column":0},"end":{"line":4,"column":35}},"4":{"start":{"line":5,"column":0},"end":{"line":5,"column":27}},"5":{"start":{"line":6,"column":0},"end":{"line":6,"column":31}},"6":{"start":{"line":7,"column":0},"end":{"line":11,"column":2}},"7":{"start":{"line":12,"column":0},"end":{"line":12,"column":22}},"8":{"start":{"line":13,"column":0},"end":{"line":13,"column":18}},"9":{"start":{"line":14,"column":0},"end":{"line":14,"column":23}},"10":{"start":{"line":15,"column":0},"end":{"line":15,"column":25}},"11":{"start":{"line":16,"column":0},"end":{"line":18,"column":1}},"12":{"start":{"line":17,"column":4},"end":{"line":17,"column":23}},"13":{"start":{"line":19,"column":0},"end":{"line":19,"column":22}},"14":{"start":{"line":20,"column":0},"end":{"line":22,"column":1}},"15":{"start":{"line":21,"column":4},"end":{"line":21,"column":29}},"16":{"start":{"line":23,"column":0},"end":{"line":23,"column":22}},"17":{"start":{"line":24,"column":0},"end":{"line":42,"column":1}},"18":{"start":{"line":25,"column":4},"end":{"line":27,"column":5}},"19":{"start":{"line":26,"column":8},"end":{"line":26,"column":33}},"20":{"start":{"line":28,"column":4},"end":{"line":28,"column":49}},"21":{"start":{"line":29,"column":4},"end":{"line":34,"column":6}},"22":{"start":{"line":35,"column":4},"end":{"line":35,"column":23}},"23":{"start":{"line":36,"column":4},"end":{"line":40,"column":7}},"24":{"start":{"line":37,"column":8},"end":{"line":39,"column":9}},"25":{"start":{"line":38,"column":12},"end":{"line":38,"column":19}},"26":{"start":{"line":41,"column":4},"end":{"line":41,"column":14}},"27":{"start":{"line":43,"column":0},"end":{"line":43,"column":20}},"28":{"start":{"line":44,"column":0},"end":{"line":77,"column":1}},"29":{"start":{"line":45,"column":4},"end":{"line":76,"column":5}},"30":{"start":{"line":46,"column":8},"end":{"line":46,"column":35}},"31":{"start":{"line":47,"column":8},"end":{"line":47,"column":38}},"32":{"start":{"line":48,"column":8},"end":{"line":55,"column":11}},"33":{"start":{"line":49,"column":12},"end":{"line":49,"column":44}},"34":{"start":{"line":50,"column":12},"end":{"line":50,"column":55}},"35":{"start":{"line":51,"column":12},"end":{"line":51,"column":55}},"36":{"start":{"line":52,"column":12},"end":{"line":52,"column":37}},"37":{"start":{"line":53,"column":12},"end":{"line":53,"column":29}},"38":{"start":{"line":54,"column":12},"end":{"line":54,"column":20}},"39":{"start":{"line":56,"column":8},"end":{"line":65,"column":11}},"40":{"start":{"line":57,"column":12},"end":{"line":57,"column":41}},"41":{"start":{"line":58,"column":12},"end":{"line":64,"column":15}},"42":{"start":{"line":59,"column":16},"end":{"line":63,"column":19}},"43":{"start":{"line":60,"column":20},"end":{"line":60,"column":71}},"44":{"start":{"line":61,"column":20},"end":{"line":61,"column":62}},"45":{"start":{"line":62,"column":20},"end":{"line":62,"column":42}},"46":{"start":{"line":66,"column":8},"end":{"line":71,"column":11}},"47":{"start":{"line":67,"column":12},"end":{"line":67,"column":41}},"48":{"start":{"line":68,"column":12},"end":{"line":68,"column":43}},"49":{"start":{"line":69,"column":12},"end":{"line":69,"column":24}},"50":{"start":{"line":70,"column":12},"end":{"line":70,"column":17}},"51":{"start":{"line":73,"column":9},"end":{"line":76,"column":5}},"52":{"start":{"line":74,"column":8},"end":{"line":74,"column":20}},"53":{"start":{"line":75,"column":8},"end":{"line":75,"column":13}},"54":{"start":{"line":78,"column":0},"end":{"line":90,"column":1}},"55":{"start":{"line":79,"column":4},"end":{"line":79,"column":24}},"56":{"start":{"line":80,"column":4},"end":{"line":89,"column":5}},"57":{"start":{"line":81,"column":8},"end":{"line":88,"column":9}},"58":{"start":{"line":82,"column":12},"end":{"line":82,"column":40}},"59":{"start":{"line":83,"column":12},"end":{"line":87,"column":16}},"60":{"start":{"line":85,"column":16},"end":{"line":85,"column":43}},"61":{"start":{"line":86,"column":16},"end":{"line":86,"column":45}},"62":{"start":{"line":91,"column":0},"end":{"line":105,"column":1}},"63":{"start":{"line":92,"column":4},"end":{"line":94,"column":34}},"64":{"start":{"line":93,"column":18},"end":{"line":93,"column":27}},"65":{"start":{"line":94,"column":26},"end":{"line":94,"column":32}},"66":{"start":{"line":95,"column":4},"end":{"line":97,"column":34}},"67":{"start":{"line":96,"column":18},"end":{"line":96,"column":27}},"68":{"start":{"line":97,"column":26},"end":{"line":97,"column":32}},"69":{"start":{"line":98,"column":4},"end":{"line":104,"column":5}},"70":{"start":{"line":99,"column":8},"end":{"line":99,"column":36}},"71":{"start":{"line":100,"column":8},"end":{"line":102,"column":11}},"72":{"start":{"line":101,"column":12},"end":{"line":101,"column":43}},"73":{"start":{"line":103,"column":8},"end":{"line":103,"column":38}}},"branchMap":{"1":{"line":25,"type":"if","locations":[{"start":{"line":25,"column":4},"end":{"line":25,"column":4}},{"start":{"line":25,"column":4},"end":{"line":25,"column":4}}]},"2":{"line":37,"type":"if","locations":[{"start":{"line":37,"column":8},"end":{"line":37,"column":8}},{"start":{"line":37,"column":8},"end":{"line":37,"column":8}}]},"3":{"line":45,"type":"if","locations":[{"start":{"line":45,"column":4},"end":{"line":45,"column":4}},{"start":{"line":45,"column":4},"end":{"line":45,"column":4}}]},"4":{"line":45,"type":"binary-expr","locations":[{"start":{"line":45,"column":8},"end":{"line":45,"column":30}},{"start":{"line":45,"column":34},"end":{"line":45,"column":57}}]},"5":{"line":51,"type":"binary-expr","locations":[{"start":{"line":51,"column":27},"end":{"line":51,"column":36}},{"start":{"line":51,"column":40},"end":{"line":51,"column":54}}]},"6":{"line":73,"type":"if","locations":[{"start":{"line":73,"column":9},"end":{"line":73,"column":9}},{"start":{"line":73,"column":9},"end":{"line":73,"column":9}}]},"7":{"line":81,"type":"if","locations":[{"start":{"line":81,"column":8},"end":{"line":81,"column":8}},{"start":{"line":81,"column":8},"end":{"line":81,"column":8}}]},"8":{"line":81,"type":"binary-expr","locations":[{"start":{"line":81,"column":12},"end":{"line":81,"column":32}},{"start":{"line":81,"column":36},"end":{"line":81,"column":57}}]},"9":{"line":94,"type":"binary-expr","locations":[{"start":{"line":94,"column":26},"end":{"line":94,"column":27}},{"start":{"line":94,"column":31},"end":{"line":94,"column":32}}]},"10":{"line":97,"type":"binary-expr","locations":[{"start":{"line":97,"column":26},"end":{"line":97,"column":27}},{"start":{"line":97,"column":31},"end":{"line":97,"column":32}}]},"11":{"line":98,"type":"if","locations":[{"start":{"line":98,"column":4},"end":{"line":98,"column":4}},{"start":{"line":98,"column":4},"end":{"line":98,"column":4}}]},"12":{"line":98,"type":"binary-expr","locations":[{"start":{"line":98,"column":8},"end":{"line":98,"column":31}},{"start":{"line":98,"column":35},"end":{"line":98,"column":56}},{"start":{"line":98,"column":60},"end":{"line":98,"column":68}},{"start":{"line":98,"column":72},"end":{"line":98,"column":81}}]}}}}