{"C:\\Users\\felix\\Documents\\Development\\NodeJS\\nodeplotlib\\dist\\index.js":{"path":"C:\\Users\\felix\\Documents\\Development\\NodeJS\\nodeplotlib\\dist\\index.js","s":{"1":1,"2":1,"3":1,"4":1,"5":1,"6":1,"7":1,"8":1,"9":1,"10":1,"11":1,"12":1,"13":1,"14":1,"15":3,"16":3,"17":1,"18":1,"19":4,"20":3,"21":3,"22":4,"23":4,"24":4,"25":4,"26":4,"27":4,"28":1,"29":1,"30":4,"31":3,"32":3,"33":4,"34":4,"35":4,"36":4,"37":4,"38":4,"39":4,"40":3,"41":1,"42":1,"43":1,"44":1,"45":1,"46":1,"47":3,"48":3,"49":3,"50":3,"51":3,"52":1,"53":1,"54":1,"55":1,"56":4,"57":10,"58":4,"59":4,"60":1,"61":4,"62":11,"63":7,"64":4,"65":11,"66":7,"67":4,"68":3,"69":3},"b":{"1":[1,2],"2":[3,1],"3":[1,2],"4":[4,0],"5":[3,1],"6":[4,3],"7":[4,4],"8":[1,0],"9":[4,6],"10":[10,5],"11":[7,7],"12":[7,7],"13":[3,1],"14":[4,4,4,3]},"f":{"1":1,"2":3,"3":4,"4":4,"5":4,"6":4},"fnMap":{"1":{"name":"clear","line":16,"loc":{"start":{"line":16,"column":0},"end":{"line":16,"column":17}}},"2":{"name":"stack","line":20,"loc":{"start":{"line":20,"column":0},"end":{"line":20,"column":29}}},"3":{"name":"plot","line":25,"loc":{"start":{"line":25,"column":0},"end":{"line":25,"column":32}}},"4":{"name":"spawn","line":44,"loc":{"start":{"line":44,"column":0},"end":{"line":44,"column":19}}},"5":{"name":"openPlots","line":78,"loc":{"start":{"line":78,"column":0},"end":{"line":78,"column":21}}},"6":{"name":"close","line":86,"loc":{"start":{"line":86,"column":0},"end":{"line":86,"column":17}}}},"statementMap":{"1":{"start":{"line":2,"column":0},"end":{"line":2,"column":62}},"2":{"start":{"line":3,"column":0},"end":{"line":3,"column":27}},"3":{"start":{"line":4,"column":0},"end":{"line":4,"column":35}},"4":{"start":{"line":5,"column":0},"end":{"line":5,"column":27}},"5":{"start":{"line":6,"column":0},"end":{"line":6,"column":31}},"6":{"start":{"line":7,"column":0},"end":{"line":11,"column":2}},"7":{"start":{"line":12,"column":0},"end":{"line":12,"column":22}},"8":{"start":{"line":13,"column":0},"end":{"line":13,"column":18}},"9":{"start":{"line":14,"column":0},"end":{"line":14,"column":23}},"10":{"start":{"line":15,"column":0},"end":{"line":15,"column":25}},"11":{"start":{"line":16,"column":0},"end":{"line":18,"column":1}},"12":{"start":{"line":17,"column":4},"end":{"line":17,"column":23}},"13":{"start":{"line":19,"column":0},"end":{"line":19,"column":22}},"14":{"start":{"line":20,"column":0},"end":{"line":23,"column":1}},"15":{"start":{"line":21,"column":4},"end":{"line":21,"column":59}},"16":{"start":{"line":22,"column":4},"end":{"line":22,"column":34}},"17":{"start":{"line":24,"column":0},"end":{"line":24,"column":22}},"18":{"start":{"line":25,"column":0},"end":{"line":42,"column":1}},"19":{"start":{"line":26,"column":4},"end":{"line":29,"column":5}},"20":{"start":{"line":27,"column":8},"end":{"line":27,"column":63}},"21":{"start":{"line":28,"column":8},"end":{"line":28,"column":38}},"22":{"start":{"line":30,"column":4},"end":{"line":30,"column":49}},"23":{"start":{"line":31,"column":4},"end":{"line":35,"column":6}},"24":{"start":{"line":36,"column":4},"end":{"line":36,"column":23}},"25":{"start":{"line":37,"column":4},"end":{"line":41,"column":7}},"26":{"start":{"line":38,"column":8},"end":{"line":40,"column":9}},"27":{"start":{"line":39,"column":12},"end":{"line":39,"column":19}},"28":{"start":{"line":43,"column":0},"end":{"line":43,"column":20}},"29":{"start":{"line":44,"column":0},"end":{"line":77,"column":1}},"30":{"start":{"line":45,"column":4},"end":{"line":76,"column":5}},"31":{"start":{"line":46,"column":8},"end":{"line":46,"column":38}},"32":{"start":{"line":47,"column":8},"end":{"line":55,"column":11}},"33":{"start":{"line":48,"column":12},"end":{"line":48,"column":44}},"34":{"start":{"line":49,"column":12},"end":{"line":49,"column":55}},"35":{"start":{"line":50,"column":12},"end":{"line":50,"column":55}},"36":{"start":{"line":51,"column":12},"end":{"line":51,"column":51}},"37":{"start":{"line":52,"column":12},"end":{"line":52,"column":53}},"38":{"start":{"line":53,"column":12},"end":{"line":53,"column":28}},"39":{"start":{"line":54,"column":12},"end":{"line":54,"column":20}},"40":{"start":{"line":56,"column":8},"end":{"line":65,"column":11}},"41":{"start":{"line":57,"column":12},"end":{"line":57,"column":41}},"42":{"start":{"line":58,"column":12},"end":{"line":64,"column":15}},"43":{"start":{"line":59,"column":16},"end":{"line":63,"column":19}},"44":{"start":{"line":60,"column":20},"end":{"line":60,"column":71}},"45":{"start":{"line":61,"column":20},"end":{"line":61,"column":62}},"46":{"start":{"line":62,"column":20},"end":{"line":62,"column":42}},"47":{"start":{"line":66,"column":8},"end":{"line":71,"column":11}},"48":{"start":{"line":67,"column":12},"end":{"line":67,"column":41}},"49":{"start":{"line":68,"column":12},"end":{"line":68,"column":43}},"50":{"start":{"line":69,"column":12},"end":{"line":69,"column":24}},"51":{"start":{"line":70,"column":12},"end":{"line":70,"column":17}},"52":{"start":{"line":73,"column":9},"end":{"line":76,"column":5}},"53":{"start":{"line":74,"column":8},"end":{"line":74,"column":20}},"54":{"start":{"line":75,"column":8},"end":{"line":75,"column":13}},"55":{"start":{"line":78,"column":0},"end":{"line":85,"column":1}},"56":{"start":{"line":79,"column":4},"end":{"line":84,"column":5}},"57":{"start":{"line":80,"column":8},"end":{"line":83,"column":9}},"58":{"start":{"line":81,"column":12},"end":{"line":81,"column":40}},"59":{"start":{"line":82,"column":12},"end":{"line":82,"column":66}},"60":{"start":{"line":86,"column":0},"end":{"line":98,"column":1}},"61":{"start":{"line":87,"column":4},"end":{"line":89,"column":34}},"62":{"start":{"line":88,"column":18},"end":{"line":88,"column":27}},"63":{"start":{"line":89,"column":26},"end":{"line":89,"column":32}},"64":{"start":{"line":90,"column":4},"end":{"line":92,"column":34}},"65":{"start":{"line":91,"column":18},"end":{"line":91,"column":26}},"66":{"start":{"line":92,"column":26},"end":{"line":92,"column":32}},"67":{"start":{"line":93,"column":4},"end":{"line":97,"column":5}},"68":{"start":{"line":94,"column":8},"end":{"line":96,"column":11}},"69":{"start":{"line":95,"column":12},"end":{"line":95,"column":42}}},"branchMap":{"1":{"line":21,"type":"cond-expr","locations":[{"start":{"line":21,"column":31},"end":{"line":21,"column":47}},{"start":{"line":21,"column":50},"end":{"line":21,"column":58}}]},"2":{"line":26,"type":"if","locations":[{"start":{"line":26,"column":4},"end":{"line":26,"column":4}},{"start":{"line":26,"column":4},"end":{"line":26,"column":4}}]},"3":{"line":27,"type":"cond-expr","locations":[{"start":{"line":27,"column":35},"end":{"line":27,"column":51}},{"start":{"line":27,"column":54},"end":{"line":27,"column":62}}]},"4":{"line":38,"type":"if","locations":[{"start":{"line":38,"column":8},"end":{"line":38,"column":8}},{"start":{"line":38,"column":8},"end":{"line":38,"column":8}}]},"5":{"line":45,"type":"if","locations":[{"start":{"line":45,"column":4},"end":{"line":45,"column":4}},{"start":{"line":45,"column":4},"end":{"line":45,"column":4}}]},"6":{"line":45,"type":"binary-expr","locations":[{"start":{"line":45,"column":8},"end":{"line":45,"column":30}},{"start":{"line":45,"column":34},"end":{"line":45,"column":57}}]},"7":{"line":50,"type":"binary-expr","locations":[{"start":{"line":50,"column":26},"end":{"line":50,"column":35}},{"start":{"line":50,"column":39},"end":{"line":50,"column":54}}]},"8":{"line":73,"type":"if","locations":[{"start":{"line":73,"column":9},"end":{"line":73,"column":9}},{"start":{"line":73,"column":9},"end":{"line":73,"column":9}}]},"9":{"line":80,"type":"if","locations":[{"start":{"line":80,"column":8},"end":{"line":80,"column":8}},{"start":{"line":80,"column":8},"end":{"line":80,"column":8}}]},"10":{"line":80,"type":"binary-expr","locations":[{"start":{"line":80,"column":12},"end":{"line":80,"column":32}},{"start":{"line":80,"column":36},"end":{"line":80,"column":57}}]},"11":{"line":89,"type":"binary-expr","locations":[{"start":{"line":89,"column":26},"end":{"line":89,"column":27}},{"start":{"line":89,"column":31},"end":{"line":89,"column":32}}]},"12":{"line":92,"type":"binary-expr","locations":[{"start":{"line":92,"column":26},"end":{"line":92,"column":27}},{"start":{"line":92,"column":31},"end":{"line":92,"column":32}}]},"13":{"line":93,"type":"if","locations":[{"start":{"line":93,"column":4},"end":{"line":93,"column":4}},{"start":{"line":93,"column":4},"end":{"line":93,"column":4}}]},"14":{"line":93,"type":"binary-expr","locations":[{"start":{"line":93,"column":8},"end":{"line":93,"column":31}},{"start":{"line":93,"column":35},"end":{"line":93,"column":56}},{"start":{"line":93,"column":60},"end":{"line":93,"column":68}},{"start":{"line":93,"column":72},"end":{"line":93,"column":78}}]}}}}