TN:
SF:C:\Users\felix\Documents\Development\NodeJS\nodeplotlib\dist\index.js
FN:12,clear
FN:16,stack
FN:21,plot
FN:30,checkReset
FN:36,spawn
FNF:5
FNH:5
FNDA:1,clear
FNDA:3,stack
FNDA:2,plot
FNDA:5,checkReset
FNDA:2,spawn
DA:2,1
DA:3,1
DA:4,1
DA:5,1
DA:6,1
DA:7,1
DA:8,1
DA:9,1
DA:10,1
DA:11,1
DA:12,1
DA:13,1
DA:15,1
DA:16,1
DA:17,3
DA:18,3
DA:20,1
DA:21,1
DA:22,2
DA:23,2
DA:24,1
DA:26,2
DA:27,2
DA:29,1
DA:30,1
DA:31,5
DA:32,1
DA:33,1
DA:36,1
DA:37,2
DA:38,1
DA:39,1
DA:40,1
DA:41,1
DA:43,1
DA:44,1
DA:46,1
LF:37
LH:37
BRDA:23,1,0,1
BRDA:23,1,1,1
BRDA:31,2,0,1
BRDA:31,2,1,4
BRDA:37,3,0,1
BRDA:37,3,1,1
BRF:6
BRH:6
end_of_record
