TN:
SF:C:\Users\felix\Documents\Development\NodeJS\nodeplotlib\dist\index.js
FN:16,clear
FN:20,stack
FN:24,plot
FN:42,spawn
FN:76,openPlots
FN:84,close
FNF:6
FNH:6
FNDA:1,clear
FNDA:3,stack
FNDA:4,plot
FNDA:4,spawn
FNDA:4,openPlots
FNDA:4,close
DA:2,1
DA:3,1
DA:4,1
DA:5,1
DA:6,1
DA:7,1
DA:12,1
DA:13,1
DA:14,1
DA:15,1
DA:16,1
DA:17,1
DA:19,1
DA:20,1
DA:21,3
DA:23,1
DA:24,1
DA:25,4
DA:26,3
DA:28,4
DA:29,4
DA:34,4
DA:35,4
DA:36,4
DA:37,4
DA:41,1
DA:42,1
DA:43,4
DA:44,3
DA:45,3
DA:46,4
DA:47,4
DA:48,4
DA:49,4
DA:50,4
DA:51,4
DA:52,4
DA:54,3
DA:55,1
DA:56,1
DA:57,1
DA:58,1
DA:59,1
DA:60,1
DA:64,3
DA:65,3
DA:66,3
DA:67,3
DA:68,3
DA:71,1
DA:72,1
DA:73,1
DA:76,1
DA:77,4
DA:78,10
DA:79,4
DA:80,4
DA:84,1
DA:85,4
DA:86,11
DA:87,7
DA:88,4
DA:89,11
DA:90,7
DA:91,4
DA:92,3
DA:93,3
LF:67
LH:67
BRDA:25,1,0,3
BRDA:25,1,1,1
BRDA:36,2,0,4
BRDA:36,2,1,0
BRDA:43,3,0,3
BRDA:43,3,1,1
BRDA:43,4,0,4
BRDA:43,4,1,3
BRDA:48,5,0,4
BRDA:48,5,1,4
BRDA:71,6,0,1
BRDA:71,6,1,0
BRDA:78,7,0,4
BRDA:78,7,1,6
BRDA:78,8,0,10
BRDA:78,8,1,5
BRDA:87,9,0,7
BRDA:87,9,1,7
BRDA:90,10,0,7
BRDA:90,10,1,7
BRDA:91,11,0,3
BRDA:91,11,1,1
BRDA:91,12,0,4
BRDA:91,12,1,4
BRDA:91,12,2,4
BRDA:91,12,3,3
BRF:26
BRH:24
end_of_record
